2024-05-17T15:58:46.907Z 	 info: Azurite Blob service is starting on 127.0.0.1:10000
2024-05-17T15:58:46.909Z 	 info: AccountDataStore:init() Refresh accounts from environment variable AZURITE_ACCOUNTS with value undefined
2024-05-17T15:58:46.909Z 	 info: AccountDataStore:init() Fallback to default emulator account devstoreaccount1.
2024-05-17T15:58:46.918Z 	 info: BlobGCManager:start() Starting BlobGCManager. Set status to Initializing.
2024-05-17T15:58:46.918Z 	 info: BlobGCManager:start() Trigger mark and sweep loop. Set status to Running.
2024-05-17T15:58:46.919Z 	 info: BlobGCManager:markSweepLoop() Start next mark and sweep.
2024-05-17T15:58:46.919Z 	 info: BlobGCManager:markSweep() Get all extents.
2024-05-17T15:58:46.920Z 	 info: BlobGCManager:start() BlobGCManager successfully started.
2024-05-17T15:58:46.921Z 	 info: BlobGCManager:markSweep() Got 0 extents.
2024-05-17T15:58:46.921Z 	 info: BlobGCManager:markSweep() Get referred extents.
2024-05-17T15:58:46.922Z 	 info: BlobGCManager:markSweep() Got referred extents, unreferenced extents count is 0.
2024-05-17T15:58:46.922Z 	 info: BlobGCManager:markSweepLoop() Mark and sweep finished, taken 3ms.
2024-05-17T15:58:46.922Z 	 info: BlobGCManager:markSweepLoop() Sleep for 600000ms.
2024-05-17T15:58:46.924Z 	 info: Azurite Blob service successfully listens on http://127.0.0.1:10000
2024-05-17T15:58:46.925Z 	 info: Azurite Queue service is starting on 127.0.0.1:10001
2024-05-17T15:58:46.925Z 	 info: AccountDataStore:init() Refresh accounts from environment variable AZURITE_ACCOUNTS with value undefined
2024-05-17T15:58:46.925Z 	 info: AccountDataStore:init() Fallback to default emulator account devstoreaccount1.
2024-05-17T15:58:46.930Z 	 info: QueueGCManager:start() Starting QueueGCManager, set status to Initializing
2024-05-17T15:58:46.930Z 	 info: QueueGCManager:start() Trigger mark and sweep loop, set status to Running.
2024-05-17T15:58:46.930Z 	 info: QueueGCManager:markSweepLoop() Start new mark and sweep.
2024-05-17T15:58:46.931Z 	 info: QueueGCManger:markSweep() Get all extents.
2024-05-17T15:58:46.931Z 	 info: QueueGCManager:start() QueueGCManager successfully started.
2024-05-17T15:58:46.931Z 	 info: QueueGCManager:marksweep() Get 0 extents.
2024-05-17T15:58:46.931Z 	 info: QueueGCManager:markSweep() Get referred extents, then remove from allExtents.
2024-05-17T15:58:46.931Z 	 info: QueueGCManager:markSweep() Got referred extents, unreferenced extents count is 0.
2024-05-17T15:58:46.931Z 	 info: QueueGCManager:markSweepLoop() Mark and sweep finished, take 1ms.
2024-05-17T15:58:46.931Z 	 info: QueueGCManager:markSweepLoop() Sleep for 60000
2024-05-17T15:58:46.932Z 	 info: Azurite Queue service successfully listens on http://127.0.0.1:10001
2024-05-17T15:58:46.932Z 	 info: Azurite Table service is starting on 127.0.0.1:10002
2024-05-17T15:58:46.932Z 	 info: AccountDataStore:init() Refresh accounts from environment variable AZURITE_ACCOUNTS with value undefined
2024-05-17T15:58:46.932Z 	 info: AccountDataStore:init() Fallback to default emulator account devstoreaccount1.
2024-05-17T15:58:46.935Z 	 info: Azurite Table service successfully listens on http://127.0.0.1:10002
2024-05-17T15:58:53.922Z 	 info: Azurite Blob service is closing...
2024-05-17T15:58:53.922Z 	 info: Azurite Queue service is closing...
2024-05-17T15:58:53.922Z 	 info: Azurite Table service is closing...
2024-05-17T15:58:53.923Z 	 info: BlobGCManager:close() Start closing BlobGCManager. Set status to Closing.
2024-05-17T15:58:53.923Z 	 info: QueueGCManager:close() Start closing QueueGCManager, set status to Closing.
2024-05-17T15:58:53.923Z 	 info: BlobGCManager:start() Mark and sweep loop is closed.
2024-05-17T15:58:53.924Z 	 info: BlobGCManager:close() BlobGCManager successfully closed. Set status to Closed.
2024-05-17T15:58:53.924Z 	 info: QueueGCManager:start() Mark and sweep loop is closed.
2024-05-17T15:58:53.924Z 	 info: QueueGCManager:close() QueueGCManager successfully closed, set status to Closed.
2024-05-17T15:58:53.924Z 	 info: Azurite Table service successfully closed
2024-05-17T15:58:53.924Z 	 info: Azurite Blob service successfully closed
2024-05-17T15:58:53.924Z 	 info: Azurite Queue service successfully closed
